<?xml version="1.0" encoding="UTF-8"?>
<!-- Generated by org.testng.reporters.JUnitReportReporter -->
<testsuite skipped="0" hostname="DESKTOP-VSP0LTL" name="Qaclickacademy.SeleniumTest" tests="2" failures="0" timestamp="16 Apr 2020 16:50:10 GMT" time="0.010" errors="0">
  <testcase name="browserAutomation" time="0.009" classname="Qaclickacademy.SeleniumTest"/>
  <testcase name="elementsUI" time="0.001" classname="Qaclickacademy.SeleniumTest"/>
</testsuite> <!-- Qaclickacademy.SeleniumTest -->
