<?xml version="1.0" encoding="UTF-8"?>
<!-- Generated by org.testng.reporters.JUnitReportReporter -->
<testsuite skipped="0" hostname="DESKTOP-VSP0LTL" name="Qaclickacademy.AppiumTest" tests="2" failures="0" timestamp="16 Apr 2020 16:50:10 GMT" time="0.002" errors="0">
  <testcase name="nativeAppAndroid" time="0.001" classname="Qaclickacademy.AppiumTest"/>
  <testcase name="nativeAppIOS" time="0.001" classname="Qaclickacademy.AppiumTest"/>
</testsuite> <!-- Qaclickacademy.AppiumTest -->
