<?xml version="1.0" encoding="UTF-8"?>
<!-- Generated by org.testng.reporters.JUnitReportReporter -->
<testsuite skipped="0" hostname="DESKTOP-VSP0LTL" name="Qaclickacademy.RESTApiTest" tests="2" failures="0" timestamp="09 Apr 2020 04:04:39 GMT" time="0.001" errors="0">
  <testcase name="deleteTwitter" time="0.000" classname="Qaclickacademy.RESTApiTest"/>
  <testcase name="postJira" time="0.001" classname="Qaclickacademy.RESTApiTest"/>
</testsuite> <!-- Qaclickacademy.RESTApiTest -->
