<?xml version="1.0" encoding="UTF-8"?>
<!-- Generated by org.testng.reporters.JUnitReportReporter -->
<testsuite skipped="0" hostname="DESKTOP-VSP0LTL" name="Qaclickacademy.SeleniumTest" tests="2" failures="0" timestamp="09 Apr 2020 04:04:39 GMT" time="0.000" errors="0">
  <testcase name="browserAutomation" time="0.000" classname="Qaclickacademy.SeleniumTest"/>
  <testcase name="elementsUI" time="0.000" classname="Qaclickacademy.SeleniumTest"/>
</testsuite> <!-- Qaclickacademy.SeleniumTest -->
