<?xml version="1.0" encoding="UTF-8"?>
<!-- Generated by org.testng.reporters.JUnitReportReporter -->
<testsuite skipped="0" hostname="DESKTOP-VSP0LTL" name="Qaclickacademy.AppiumTest" tests="2" failures="0" timestamp="09 Apr 2020 04:04:39 GMT" time="0.005" errors="0">
  <testcase name="nativeAppAndroid" time="0.005" classname="Qaclickacademy.AppiumTest"/>
  <testcase name="nativeAppIOS" time="0.000" classname="Qaclickacademy.AppiumTest"/>
</testsuite> <!-- Qaclickacademy.AppiumTest -->
